2014-05-07 14:17:50.270 MyFavoriteMuni[1569:70b] Multi-tasking -> Device: YES, App: YES
2014-05-07 14:17:50.294 MyFavoriteMuni[1569:70b] Unlimited access to network resources
2014-05-07 14:17:50.428 MyFavoriteMuni[1569:70b] CDVPlugin class CDVStatusBar (pluginName: statusbar) does not exist.
2014-05-07 14:17:50.428 MyFavoriteMuni[1569:70b] [CDVTimer][statusbar] 0.415027ms
2014-05-07 14:17:50.428 MyFavoriteMuni[1569:70b] [CDVTimer][TotalPluginStartup] 0.791013ms
2014-05-07 14:17:50.583 MyFavoriteMuni[1569:70b] Resetting plugins due to page load.
2014-05-07 14:17:50.836 MyFavoriteMuni[1569:70b] Finished load of: file:///Users/dan/Library/Application%20Support/iPhone%20Simulator/7.1/Applications/385D5100-88FD-4B3B-97E4-3CC56F506DCC/MyFavoriteMuni.app/www/index.html#/home
Terminating in response to SpringBoard's termination.
2014-05-29 16:37:01.307 MyFavoriteMuni[2698:70b] Multi-tasking -> Device: YES, App: YES
2014-05-29 16:37:01.332 MyFavoriteMuni[2698:70b] Unlimited access to network resources
2014-05-29 16:37:01.598 MyFavoriteMuni[2698:70b] CDVPlugin class CDVStatusBar (pluginName: statusbar) does not exist.
2014-05-29 16:37:01.598 MyFavoriteMuni[2698:70b] [CDVTimer][statusbar] 0.551999ms
2014-05-29 16:37:01.599 MyFavoriteMuni[2698:70b] [CDVTimer][TotalPluginStartup] 1.012027ms
2014-05-29 16:37:01.760 MyFavoriteMuni[2698:70b] Resetting plugins due to page load.
2014-05-29 16:37:02.098 MyFavoriteMuni[2698:70b] Finished load of: file:///Users/dan/Library/Application%20Support/iPhone%20Simulator/7.1/Applications/385D5100-88FD-4B3B-97E4-3CC56F506DCC/MyFavoriteMuni.app/www/index.html#/home
2014-05-29 16:37:25.412 MyFavoriteMuni[2698:70b] Received memory warning.
2014-05-30 12:02:14.842 MyFavoriteMuni[3413:70b] Multi-tasking -> Device: YES, App: YES
2014-05-30 12:02:15.230 MyFavoriteMuni[3413:70b] Unlimited access to network resources
2014-05-30 12:02:17.598 MyFavoriteMuni[3413:70b] CDVPlugin class CDVStatusBar (pluginName: statusbar) does not exist.
2014-05-30 12:02:17.599 MyFavoriteMuni[3413:70b] [CDVTimer][statusbar] 0.383019ms
2014-05-30 12:02:17.599 MyFavoriteMuni[3413:70b] [CDVTimer][TotalPluginStartup] 0.765979ms
2014-05-30 12:02:17.845 MyFavoriteMuni[3413:70b] Resetting plugins due to page load.
2014-05-30 12:02:18.641 MyFavoriteMuni[3413:70b] Finished load of: file:///Users/dan/Library/Application%20Support/iPhone%20Simulator/7.1/Applications/385D5100-88FD-4B3B-97E4-3CC56F506DCC/MyFavoriteMuni.app/www/index.html#/home
Terminating in response to SpringBoard's termination.
2014-05-30 12:04:38.092 MyFavoriteMuni[3776:70b] Multi-tasking -> Device: YES, App: YES
2014-05-30 12:04:38.102 MyFavoriteMuni[3776:70b] Unlimited access to network resources
2014-05-30 12:04:38.122 MyFavoriteMuni[3776:70b] CDVPlugin class CDVStatusBar (pluginName: statusbar) does not exist.
2014-05-30 12:04:38.123 MyFavoriteMuni[3776:70b] [CDVTimer][statusbar] 0.514984ms
2014-05-30 12:04:38.123 MyFavoriteMuni[3776:70b] [CDVTimer][TotalPluginStartup] 1.129985ms
2014-05-30 12:04:38.243 MyFavoriteMuni[3776:70b] Resetting plugins due to page load.
2014-05-30 12:04:38.495 MyFavoriteMuni[3776:70b] Finished load of: file:///Users/dan/Library/Application%20Support/iPhone%20Simulator/7.1/Applications/385D5100-88FD-4B3B-97E4-3CC56F506DCC/MyFavoriteMuni.app/www/index.html#/home
2014-06-03 13:33:58.142 MyFavoriteMuni[6895:70b] Multi-tasking -> Device: YES, App: YES
2014-06-03 13:33:58.156 MyFavoriteMuni[6895:70b] Unlimited access to network resources
2014-06-03 13:33:58.335 MyFavoriteMuni[6895:70b] CDVPlugin class CDVStatusBar (pluginName: statusbar) does not exist.
2014-06-03 13:33:58.340 MyFavoriteMuni[6895:70b] [CDVTimer][statusbar] 4.575014ms
2014-06-03 13:33:58.342 MyFavoriteMuni[6895:70b] [CDVTimer][TotalPluginStartup] 6.778002ms
2014-06-03 13:33:58.581 MyFavoriteMuni[6895:70b] Resetting plugins due to page load.
2014-06-03 13:33:58.938 MyFavoriteMuni[6895:70b] Finished load of: file:///Users/dan/Library/Application%20Support/iPhone%20Simulator/7.1/Applications/385D5100-88FD-4B3B-97E4-3CC56F506DCC/MyFavoriteMuni.app/www/index.html#/home
Terminating in response to SpringBoard's termination.
2014-06-03 13:41:20.205 MyFavoriteMuni[7188:70b] Multi-tasking -> Device: YES, App: YES
2014-06-03 13:41:20.214 MyFavoriteMuni[7188:70b] Unlimited access to network resources
2014-06-03 13:41:20.234 MyFavoriteMuni[7188:70b] CDVPlugin class CDVStatusBar (pluginName: statusbar) does not exist.
2014-06-03 13:41:20.234 MyFavoriteMuni[7188:70b] [CDVTimer][statusbar] 0.521004ms
2014-06-03 13:41:20.235 MyFavoriteMuni[7188:70b] [CDVTimer][TotalPluginStartup] 0.950992ms
2014-06-03 13:41:20.341 MyFavoriteMuni[7188:70b] Resetting plugins due to page load.
2014-06-03 13:41:20.685 MyFavoriteMuni[7188:70b] Finished load of: file:///Users/dan/Library/Application%20Support/iPhone%20Simulator/7.1/Applications/385D5100-88FD-4B3B-97E4-3CC56F506DCC/MyFavoriteMuni.app/www/index.html#/home
2014-06-03 13:42:07.728 MyFavoriteMuni[7188:70b] Resetting plugins due to page load.
2014-06-03 13:42:07.762 MyFavoriteMuni[7188:70b] Failed to load webpage with error: The requested URL was not found on this server.
2014-06-03 13:42:09.785 MyFavoriteMuni[7188:70b] Resetting plugins due to page load.
2014-06-03 13:42:09.796 MyFavoriteMuni[7188:70b] Failed to load webpage with error: The requested URL was not found on this server.
2014-06-03 13:43:15.729 MyFavoriteMuni[7188:70b] Resetting plugins due to page load.
2014-06-03 13:43:15.740 MyFavoriteMuni[7188:70b] Failed to load webpage with error: The requested URL was not found on this server.
2014-06-03 13:43:18.136 MyFavoriteMuni[7188:70b] Resetting plugins due to page load.
2014-06-03 13:43:18.147 MyFavoriteMuni[7188:70b] Failed to load webpage with error: The requested URL was not found on this server.
2014-06-03 13:43:19.370 MyFavoriteMuni[7188:70b] Resetting plugins due to page load.
2014-06-03 13:43:19.382 MyFavoriteMuni[7188:70b] Failed to load webpage with error: The requested URL was not found on this server.
2014-06-03 13:44:01.983 MyFavoriteMuni[7188:70b] Resetting plugins due to page load.
2014-06-03 13:44:01.993 MyFavoriteMuni[7188:70b] Failed to load webpage with error: The requested URL was not found on this server.
2014-06-03 13:44:02.970 MyFavoriteMuni[7188:70b] Resetting plugins due to page load.
2014-06-03 13:44:02.982 MyFavoriteMuni[7188:70b] Failed to load webpage with error: The requested URL was not found on this server.
2014-06-03 13:44:44.613 MyFavoriteMuni[7188:70b] Resetting plugins due to page load.
2014-06-03 13:44:44.624 MyFavoriteMuni[7188:70b] Failed to load webpage with error: The requested URL was not found on this server.
Terminating in response to SpringBoard's termination.
2014-06-03 13:45:02.877 MyFavoriteMuni[7437:70b] Multi-tasking -> Device: YES, App: YES
2014-06-03 13:45:02.886 MyFavoriteMuni[7437:70b] Unlimited access to network resources
2014-06-03 13:45:03.186 MyFavoriteMuni[7437:70b] CDVPlugin class CDVStatusBar (pluginName: statusbar) does not exist.
2014-06-03 13:45:03.187 MyFavoriteMuni[7437:70b] [CDVTimer][statusbar] 0.544965ms
2014-06-03 13:45:03.187 MyFavoriteMuni[7437:70b] [CDVTimer][TotalPluginStartup] 0.968993ms
2014-06-03 13:45:03.440 MyFavoriteMuni[7437:70b] Resetting plugins due to page load.
2014-06-03 13:45:03.859 MyFavoriteMuni[7437:70b] Finished load of: file:///Users/dan/Library/Application%20Support/iPhone%20Simulator/7.1/Applications/385D5100-88FD-4B3B-97E4-3CC56F506DCC/MyFavoriteMuni.app/www/index.html#/home
Terminating in response to SpringBoard's termination.
2014-06-03 14:07:55.180 MyFavoriteMuni[7782:70b] Multi-tasking -> Device: YES, App: YES
2014-06-03 14:07:55.190 MyFavoriteMuni[7782:70b] Unlimited access to network resources
2014-06-03 14:07:55.210 MyFavoriteMuni[7782:70b] CDVPlugin class CDVStatusBar (pluginName: statusbar) does not exist.
2014-06-03 14:07:55.211 MyFavoriteMuni[7782:70b] [CDVTimer][statusbar] 0.560999ms
2014-06-03 14:07:55.211 MyFavoriteMuni[7782:70b] [CDVTimer][TotalPluginStartup] 1.025975ms
2014-06-03 14:07:55.333 MyFavoriteMuni[7782:70b] Resetting plugins due to page load.
2014-06-03 14:07:55.828 MyFavoriteMuni[7782:70b] Finished load of: file:///Users/dan/Library/Application%20Support/iPhone%20Simulator/7.1/Applications/385D5100-88FD-4B3B-97E4-3CC56F506DCC/MyFavoriteMuni.app/www/index.html#/home
2014-06-03 14:08:41.166 MyFavoriteMuni[7998:70b] Multi-tasking -> Device: YES, App: YES
2014-06-03 14:08:41.176 MyFavoriteMuni[7998:70b] Unlimited access to network resources
2014-06-03 14:08:41.199 MyFavoriteMuni[7998:70b] CDVPlugin class CDVStatusBar (pluginName: statusbar) does not exist.
2014-06-03 14:08:41.199 MyFavoriteMuni[7998:70b] [CDVTimer][statusbar] 0.523984ms
2014-06-03 14:08:41.200 MyFavoriteMuni[7998:70b] [CDVTimer][TotalPluginStartup] 1.028001ms
2014-06-03 14:08:41.314 MyFavoriteMuni[7998:70b] Resetting plugins due to page load.
2014-06-03 14:08:41.714 MyFavoriteMuni[7998:70b] Finished load of: file:///Users/dan/Library/Application%20Support/iPhone%20Simulator/7.1/Applications/385D5100-88FD-4B3B-97E4-3CC56F506DCC/MyFavoriteMuni.app/www/index.html#/home
2014-06-03 14:18:00.251 MyFavoriteMuni[8309:70b] Multi-tasking -> Device: YES, App: YES
2014-06-03 14:18:00.260 MyFavoriteMuni[8309:70b] Unlimited access to network resources
2014-06-03 14:18:00.281 MyFavoriteMuni[8309:70b] CDVPlugin class CDVStatusBar (pluginName: statusbar) does not exist.
2014-06-03 14:18:00.283 MyFavoriteMuni[8309:70b] [CDVTimer][statusbar] 2.044976ms
2014-06-03 14:18:00.284 MyFavoriteMuni[8309:70b] [CDVTimer][TotalPluginStartup] 2.492964ms
2014-06-03 14:18:00.437 MyFavoriteMuni[8309:70b] Resetting plugins due to page load.
2014-06-03 14:18:00.881 MyFavoriteMuni[8309:70b] Finished load of: file:///Users/dan/Library/Application%20Support/iPhone%20Simulator/7.1/Applications/385D5100-88FD-4B3B-97E4-3CC56F506DCC/MyFavoriteMuni.app/www/index.html#/home
2014-06-03 14:18:32.911 MyFavoriteMuni[8309:70b] Received memory warning.
2014-06-03 14:20:02.043 MyFavoriteMuni[8560:70b] Multi-tasking -> Device: YES, App: YES
2014-06-03 14:20:02.053 MyFavoriteMuni[8560:70b] Unlimited access to network resources
2014-06-03 14:20:02.072 MyFavoriteMuni[8560:70b] CDVPlugin class CDVStatusBar (pluginName: statusbar) does not exist.
2014-06-03 14:20:02.073 MyFavoriteMuni[8560:70b] [CDVTimer][statusbar] 0.524998ms
2014-06-03 14:20:02.073 MyFavoriteMuni[8560:70b] [CDVTimer][TotalPluginStartup] 0.988007ms
2014-06-03 14:20:02.194 MyFavoriteMuni[8560:70b] Resetting plugins due to page load.
2014-06-03 14:20:02.682 MyFavoriteMuni[8560:70b] Finished load of: file:///Users/dan/Library/Application%20Support/iPhone%20Simulator/7.1/Applications/385D5100-88FD-4B3B-97E4-3CC56F506DCC/MyFavoriteMuni.app/www/index.html#/home
2014-06-03 14:20:07.838 MyFavoriteMuni[8560:70b] Received memory warning.
2014-06-03 14:21:34.083 MyFavoriteMuni[8815:70b] Multi-tasking -> Device: YES, App: YES
2014-06-03 14:21:34.092 MyFavoriteMuni[8815:70b] Unlimited access to network resources
2014-06-03 14:21:34.113 MyFavoriteMuni[8815:70b] CDVPlugin class CDVStatusBar (pluginName: statusbar) does not exist.
2014-06-03 14:21:34.114 MyFavoriteMuni[8815:70b] [CDVTimer][statusbar] 0.571966ms
2014-06-03 14:21:34.114 MyFavoriteMuni[8815:70b] [CDVTimer][TotalPluginStartup] 1.071990ms
2014-06-03 14:21:34.252 MyFavoriteMuni[8815:70b] Resetting plugins due to page load.
2014-06-03 14:21:34.676 MyFavoriteMuni[8815:70b] Finished load of: file:///Users/dan/Library/Application%20Support/iPhone%20Simulator/7.1/Applications/385D5100-88FD-4B3B-97E4-3CC56F506DCC/MyFavoriteMuni.app/www/index.html#/home
2014-06-03 14:21:49.258 MyFavoriteMuni[8815:70b] Failed to load webpage with error: The URL can’t be shown
2014-06-03 14:21:49.640 MyFavoriteMuni[8815:70b] Failed to load webpage with error: The URL can’t be shown
2014-06-03 14:21:50.586 MyFavoriteMuni[8815:70b] Failed to load webpage with error: The URL can’t be shown
2014-06-03 14:21:59.035 MyFavoriteMuni[8815:70b] Received memory warning.
2014-06-03 14:23:03.637 MyFavoriteMuni[9060:70b] Multi-tasking -> Device: YES, App: YES
2014-06-03 14:23:03.646 MyFavoriteMuni[9060:70b] Unlimited access to network resources
2014-06-03 14:23:03.667 MyFavoriteMuni[9060:70b] CDVPlugin class CDVStatusBar (pluginName: statusbar) does not exist.
2014-06-03 14:23:03.668 MyFavoriteMuni[9060:70b] [CDVTimer][statusbar] 0.537992ms
2014-06-03 14:23:03.668 MyFavoriteMuni[9060:70b] [CDVTimer][TotalPluginStartup] 1.036048ms
2014-06-03 14:23:03.788 MyFavoriteMuni[9060:70b] Resetting plugins due to page load.
2014-06-03 14:23:04.320 MyFavoriteMuni[9060:70b] Finished load of: file:///Users/dan/Library/Application%20Support/iPhone%20Simulator/7.1/Applications/385D5100-88FD-4B3B-97E4-3CC56F506DCC/MyFavoriteMuni.app/www/index.html#/home
